Removed Pin From Net: NetName=TIMER_STM32 Pin=P2-1
Removed Pin From Net: NetName=SDA Pin=P2-2
Removed Pin From Net: NetName=SCL Pin=P2-3
Removed Pin From Net: NetName=GPIO_1 Pin=P2-4
Removed Pin From Net: NetName=GPIO_2 Pin=P2-5
Removed Pin From Net: NetName=GPIO_3 Pin=P2-6
Removed Pin From Net: NetName=GPIO_4 Pin=P2-7
Removed Pin From Net: NetName=INTR Pin=P2-8
Removed Pin From Net: NetName=RESET Pin=P2-9
Change Component DesignItemId : Designator=P2 Old DesignItemId=CMP-1502-01080-3 New DesignItemId=CMP-1502-01080-4
Change Component Comment : Designator=C3 Old Comment=0.1uF New Comment=CL21B104KBCNNNC
Change Component Comment : Designator=C4 Old Comment=0.1uF New Comment=CL21B104KBCNNNC
Change Component Comment : Designator=C5 Old Comment=0.1uF New Comment=CL21B104KBCNNNC
Change Component Comment : Designator=C9 Old Comment=0.1uF New Comment=CL21B104KBCNNNC
Change Component Comment : Designator=C10 Old Comment=0.1uF New Comment=CL21B104KBCNNNC
Change Component Comment : Designator=C11 Old Comment=0.1uF New Comment=CL21B104KBCNNNC
Change Component Comment : Designator=C12 Old Comment=0.1uF New Comment=CL21B104KBCNNNC
Change Component Comment : Designator=C13 Old Comment=0.1uF New Comment=CL21B104KBCNNNC
Change Component Comment : Designator=C14 Old Comment=0.1uF New Comment=CL21B104KBCNNNC
Change Component Comment : Designator=C15 Old Comment=0.1uF New Comment=CL21B104KBCNNNC
Change Component Comment : Designator=C16 Old Comment=0.1uF New Comment=CL21B104KBCNNNC
Change Component Comment : Designator=C17 Old Comment=0.1uF New Comment=CL21B104KBCNNNC
Change Component Comment : Designator=C18 Old Comment=0.1uF New Comment=CL21B104KBCNNNC
Change Component Comment : Designator=C19 Old Comment=0.1uF New Comment=CL21B104KBCNNNC
Change Component Comment : Designator=R4 Old Comment=10K New Comment=ERA8AEB103V
Change Component Comment : Designator=R5 Old Comment=10K New Comment=ERA8AEB103V
Change Component Comment : Designator=R6 Old Comment=10K New Comment=ERA8AEB103V
Change Component Comment : Designator=R7 Old Comment=10K New Comment=ERA8AEB103V
Change Component Comment : Designator=R8 Old Comment=10K New Comment=ERA8AEB103V
Change Component Description : Designator=P2 Old Description= New Description=THT Vertical Pin Header WR-PHD, Pitch 2.54 mm, Single Row, 9 pins
Change Component Library : Designator=D1 Old Library=* New Library=TDR.IntLib
Change Component Library : Designator=D2 Old Library=* New Library=TDR.IntLib
Change Component Library : Designator=D3 Old Library=* New Library=TDR.IntLib
Change Component Library : Designator=D4 Old Library=* New Library=TDR.IntLib
Change Component Library : Designator=IC1 Old Library=* New Library=TDR.IntLib
Change Component Library : Designator=J1 Old Library=142-0701-851.SchLib New Library=TDR_int_lib.IntLib
Change Component Library : Designator=J3 Old Library=142-0701-851.SchLib New Library=TDR_int_lib.IntLib
Change Component Library : Designator=C7 Old Library=06035J100FBSTR.SchLib New Library=TDR_int_lib.IntLib
Change Component Library : Designator=C8 Old Library=06035J100FBSTR.SchLib New Library=TDR_int_lib.IntLib
Change Component Library : Designator=C28 Old Library=06035J100FBSTR.SchLib New Library=TDR_int_lib.IntLib
Change Managed Component Library Link : Designator=P2 Old VaultGUID=B7D15EC3-160A-466F-A46C-7801FE6295A7 New VaultGUID=B7D15EC3-160A-466F-A46C-7801FE6295A7 Old ItemGUID=AAB1E598-F80B-480B-B028-C26FB758011A New ItemGUID=AAB1E598-F80B-480B-B028-C26FB758011A Old RevisionGUID=575354FD-36A6-4257-A4C2-4662FB50E18B New RevisionGUID=8ECA095F-642F-42A9-A762-A398C2B99907
Change component parameters: Component "C1" not found
Change component parameters: Component "C2" not found
Change component parameters: Component "C6" not found
Change component parameters: Component "C20" not found
Change component parameters: Component "C21" not found
Change component parameters: Component "C22" not found
Change component parameters: Component "C23" not found
Change component parameters: Component "C24" not found
Change component parameters: Component "C25" not found
Change component parameters: Component "C26" not found
Change component parameters: Component "C27" not found
Change component parameters: Component "C29" not found
Change component parameters: Component "C30" not found
Change component parameters: Component "C31" not found
Change component parameters: Component "C32" not found
Change component parameters: Component "C33" not found
Change component parameters: Component "R1" not found
Change component parameters: Component "R2" not found
Change component parameters: Component "R3" not found
Change component parameters: Component "R9" not found
Change component parameters: Component "R10" not found
Change component parameters: Component "R11" not found
Change component parameters: Component "R50" not found
Change component parameters: Designator = "C7" ("C7"); Footprint = "CAPC1608X90"; UniqueID = "\OWMVUSBR" ("\OWMVUSBR")
Change component parameters (AddParameter): Name = "Check_prices"; Value = "https://www.snapeda.com/parts/06035J100FBSTR/AVX/view-part/?ref=eda"; VariantName = "[No Variations]"
Change component parameters (AddParameter): Name = "MF"; Value = "AVX"; VariantName = "[No Variations]"
Change component parameters (AddParameter): Name = "MP"; Value = "06035J100FBSTR"; VariantName = "[No Variations]"
Change component parameters (AddParameter): Name = "Package"; Value = "0603-2 AVX"; VariantName = "[No Variations]"
Change component parameters (AddParameter): Name = "SnapEDA_Link"; Value = "https://www.snapeda.com/parts/06035J100FBSTR/AVX/view-part/?ref=snap"; VariantName = "[No Variations]"
Change component parameters (AddParameter): Name = "Value"; Value = ""; VariantName = "[No Variations]"
Change component parameters: Designator = "C8" ("C8"); Footprint = "CAPC1608X90"; UniqueID = "\KUCBQXWH" ("\KUCBQXWH")
Change component parameters (AddParameter): Name = "Check_prices"; Value = "https://www.snapeda.com/parts/06035J100FBSTR/AVX/view-part/?ref=eda"; VariantName = "[No Variations]"
Change component parameters (AddParameter): Name = "MF"; Value = "AVX"; VariantName = "[No Variations]"
Change component parameters (AddParameter): Name = "MP"; Value = "06035J100FBSTR"; VariantName = "[No Variations]"
Change component parameters (AddParameter): Name = "Package"; Value = "0603-2 AVX"; VariantName = "[No Variations]"
Change component parameters (AddParameter): Name = "SnapEDA_Link"; Value = "https://www.snapeda.com/parts/06035J100FBSTR/AVX/view-part/?ref=snap"; VariantName = "[No Variations]"
Change component parameters (AddParameter): Name = "Value"; Value = ""; VariantName = "[No Variations]"
Change component parameters: Designator = "C28" ("C28"); Footprint = "CAPC1608X90"; UniqueID = "\XXAHIYKK" ("\XXAHIYKK")
Change component parameters (AddParameter): Name = "Check_prices"; Value = "https://www.snapeda.com/parts/06035J100FBSTR/AVX/view-part/?ref=eda"; VariantName = "[No Variations]"
Change component parameters (AddParameter): Name = "MF"; Value = "AVX"; VariantName = "[No Variations]"
Change component parameters (AddParameter): Name = "MP"; Value = "06035J100FBSTR"; VariantName = "[No Variations]"
Change component parameters (AddParameter): Name = "Package"; Value = "0603-2 AVX"; VariantName = "[No Variations]"
Change component parameters (AddParameter): Name = "SnapEDA_Link"; Value = "https://www.snapeda.com/parts/06035J100FBSTR/AVX/view-part/?ref=snap"; VariantName = "[No Variations]"
Change component parameters (AddParameter): Name = "Value"; Value = ""; VariantName = "[No Variations]"
Change component parameters: Designator = "P2" ("P2"); Footprint = "61300911121"; UniqueID = "\ICVRNCGT" ("\ICVRNCGT")
Change component parameters (AddParameter): Name = "Color"; Value = "Black"; VariantName = "[No Variations]"
Change component parameters (AddParameter): Name = "Connector Type"; Value = "Male Pin"; VariantName = "[No Variations]"
Change component parameters (AddParameter): Name = "Contact Material"; Value = "Copper"; VariantName = "[No Variations]"
Change component parameters (AddParameter): Name = "Contact Mating Length"; Value = "5.9944mm"; VariantName = "[No Variations]"
Change component parameters (AddParameter): Name = "Contact Plating"; Value = "Gold"; VariantName = "[No Variations]"
Change component parameters (AddParameter): Name = "Contact Resistance"; Value = "20m?"; VariantName = "[No Variations]"
Change component parameters (AddParameter): Name = "Current Rating"; Value = "3A"; VariantName = "[No Variations]"
Change component parameters (AddParameter): Name = "Gender"; Value = "Male"; VariantName = "[No Variations]"
Change component parameters (AddParameter): Name = "Lead Pitch"; Value = "2.54mm"; VariantName = "[No Variations]"
Change component parameters (AddParameter): Name = "Mount"; Value = "Through Hole"; VariantName = "[No Variations]"
Change component parameters (AddParameter): Name = "Number of Contacts"; Value = "9"; VariantName = "[No Variations]"
Change component parameters (AddParameter): Name = "Number of Pins"; Value = "9"; VariantName = "[No Variations]"
Change component parameters (AddParameter): Name = "Number of Positions"; Value = "9"; VariantName = "[No Variations]"
Change component parameters (AddParameter): Name = "Number of Rows"; Value = "1"; VariantName = "[No Variations]"
Change component parameters (AddParameter): Name = "Operating Supply Voltage"; Value = "250V"; VariantName = "[No Variations]"
Change component parameters (AddParameter): Name = "Orientation"; Value = "Vertical"; VariantName = "[No Variations]"
Change component parameters (AddParameter): Name = "Packaging"; Value = "Bulk"; VariantName = "[No Variations]"
Change component parameters (AddParameter): Name = "Pitch"; Value = "2.54mm"; VariantName = "[No Variations]"
Change component parameters (AddParameter): Name = "RoHS"; Value = "Compliant"; VariantName = "[No Variations]"
Change component parameters (AddParameter): Name = "Termination"; Value = "Solder"; VariantName = "[No Variations]"
Added Component: Designator=J2(CONN_142-0701-851_CIN)
Add component (AddParameter): Name = "Copyright"; Value = "Copyright (C) 2025 Ultra Librarian. All rights reserved."; VariantName = "[No Variations]"
Add component (AddParameter): Name = "Manufacturer_Name"; Value = "Cinch Connectivity Solutions"; VariantName = "[No Variations]"
Add component (AddParameter): Name = "Manufacturer_Part_Number"; Value = "142-0701-851"; VariantName = "[No Variations]"
Add component (AddParameter): Name = "RefDes"; Value = "RefDes"; VariantName = "[No Variations]"
Add component (AddParameter): Name = "Type"; Value = "Type"; VariantName = "[No Variations]"
Added Pin To Net: NetName=SMA_OUT Pin=J2-1
Added Pin To Net: NetName=GND Pin=J2-2
Added Pin To Net: NetName=GND Pin=J2-3
Added Pin To Net: NetName=GND Pin=J2-4
Added Pin To Net: NetName=GND Pin=J2-5
Added Member To Class: ClassName=TDR_Schematic_PB Member=Component J2 142-0701-851
