Change Component Comment : Designator=C7 Old Comment=50 New Comment=10pF
Change Component Comment : Designator=C8 Old Comment=50 New Comment=10pF
Change Component Comment : Designator=C28 Old Comment=C0805X399C8HAC7800 New Comment=10pF
Change Component Comment : Designator=C20 Old Comment=C0805X399C8HAC7800 New Comment=100pF
Change Component Comment : Designator=C21 Old Comment=C0805X399C8HAC7800 New Comment=100pF
Change Component Comment : Designator=C22 Old Comment=C0805X399C8HAC7800 New Comment=100pF
Change Component Comment : Designator=C23 Old Comment=C0805X399C8HAC7800 New Comment=100pF
Change Component Comment : Designator=C24 Old Comment=C0805X399C8HAC7800 New Comment=100pF
Change Component Comment : Designator=C25 Old Comment=C0805X399C8HAC7800 New Comment=100pF
Change Component Comment : Designator=C26 Old Comment=C0805X399C8HAC7800 New Comment=100pF
Change Component Comment : Designator=C27 Old Comment=C0805X399C8HAC7800 New Comment=100pF
Change Component Comment : Designator=C29 Old Comment=C0805X399C8HAC7800 New Comment=100pF
Change Component Comment : Designator=C32 Old Comment=C0805X399C8HAC7800 New Comment=100pF
Change Component Comment : Designator=C3 Old Comment=CL21B104KBCNNNC New Comment=0.1uF
Change Component Comment : Designator=C4 Old Comment=CL21B104KBCNNNC New Comment=0.1uF
Change Component Comment : Designator=C5 Old Comment=CL21B104KBCNNNC New Comment=0.1uF
Change Component Comment : Designator=C9 Old Comment=CL21B104KBCNNNC New Comment=0.1uF
Change Component Comment : Designator=C10 Old Comment=CL21B104KBCNNNC New Comment=0.1uF
Change Component Comment : Designator=C11 Old Comment=CL21B104KBCNNNC New Comment=0.1uF
Change Component Comment : Designator=C12 Old Comment=CL21B104KBCNNNC New Comment=0.1uF
Change Component Comment : Designator=C13 Old Comment=CL21B104KBCNNNC New Comment=0.1uF
Change Component Comment : Designator=C14 Old Comment=CL21B104KBCNNNC New Comment=0.1uF
Change Component Comment : Designator=C15 Old Comment=CL21B104KBCNNNC New Comment=0.1uF
Change Component Comment : Designator=C16 Old Comment=CL21B104KBCNNNC New Comment=0.1uF
Change Component Comment : Designator=C17 Old Comment=CL21B104KBCNNNC New Comment=0.1uF
Change Component Comment : Designator=C18 Old Comment=CL21B104KBCNNNC New Comment=0.1uF
Change Component Comment : Designator=C19 Old Comment=CL21B104KBCNNNC New Comment=0.1uF
Change Component Comment : Designator=R4 Old Comment=ERA8AEB103V New Comment=10K
Change Component Comment : Designator=R5 Old Comment=ERA8AEB103V New Comment=10K
Change Component Comment : Designator=R6 Old Comment=ERA8AEB103V New Comment=10K
Change Component Comment : Designator=R7 Old Comment=ERA8AEB103V New Comment=10K
Change Component Comment : Designator=R8 Old Comment=ERA8AEB103V New Comment=10K
Change component parameters: Designator = "R9" ("R9"); Footprint = "RESC0603"; UniqueID = "\HINZDMVM" ("\HINZDMVM")
Change component parameters (AddParameter): Name = "DTEMP"; Value = ""; VariantName = "[No Variations]"
Change component parameters (AddParameter): Name = "SimulationGenericComponent"; Value = "True"; VariantName = "[No Variations]"
Change component parameters (AddParameter): Name = "T_REL_LOCAL"; Value = ""; VariantName = "[No Variations]"
Change component parameters (AddParameter): Name = "TC"; Value = ""; VariantName = "[No Variations]"
Change component parameters (AddParameter): Name = "TC1"; Value = "0"; VariantName = "[No Variations]"
Change component parameters (AddParameter): Name = "TC2"; Value = "0"; VariantName = "[No Variations]"
Change component parameters (AddParameter): Name = "TEMP"; Value = ""; VariantName = "[No Variations]"
Change component parameters (AddParameter): Name = "Value"; Value = "50"; VariantName = "[No Variations]"
Change component parameters: Designator = "R10" ("R10"); Footprint = "RES0805"; UniqueID = "\GENUWGWG" ("\GENUWGWG")
Change component parameters (AddParameter): Name = "DTEMP"; Value = ""; VariantName = "[No Variations]"
Change component parameters (AddParameter): Name = "SimulationGenericComponent"; Value = "True"; VariantName = "[No Variations]"
Change component parameters (AddParameter): Name = "T_REL_LOCAL"; Value = ""; VariantName = "[No Variations]"
Change component parameters (AddParameter): Name = "TC"; Value = ""; VariantName = "[No Variations]"
Change component parameters (AddParameter): Name = "TC1"; Value = "0"; VariantName = "[No Variations]"
Change component parameters (AddParameter): Name = "TC2"; Value = "0"; VariantName = "[No Variations]"
Change component parameters (AddParameter): Name = "TEMP"; Value = ""; VariantName = "[No Variations]"
Change component parameters (AddParameter): Name = "Value"; Value = "33.2K"; VariantName = "[No Variations]"
Change component parameters: Designator = "R11" ("R11"); Footprint = "RES0805"; UniqueID = "\BMTNNTNS" ("\BMTNNTNS")
Change component parameters (AddParameter): Name = "DTEMP"; Value = ""; VariantName = "[No Variations]"
Change component parameters (AddParameter): Name = "SimulationGenericComponent"; Value = "True"; VariantName = "[No Variations]"
Change component parameters (AddParameter): Name = "T_REL_LOCAL"; Value = ""; VariantName = "[No Variations]"
Change component parameters (AddParameter): Name = "TC"; Value = ""; VariantName = "[No Variations]"
Change component parameters (AddParameter): Name = "TC1"; Value = "0"; VariantName = "[No Variations]"
Change component parameters (AddParameter): Name = "TC2"; Value = "0"; VariantName = "[No Variations]"
Change component parameters (AddParameter): Name = "TEMP"; Value = ""; VariantName = "[No Variations]"
Change component parameters (AddParameter): Name = "Value"; Value = "18.2K"; VariantName = "[No Variations]"
Added Pin To Net: NetName=NetC28_1 Pin=C28-1
Added Pin To Net: NetName=NetC28_1 Pin=R9-1
Added Net: Name=NetC28_1
