Change Physical Footprint: Designator=C1 Old Footprint=CAP_C0805X-HAC-DR_KEM New Footprint=CAP_C0805X-HAC-DR_KEM
Change Physical Footprint: Designator=C2 Old Footprint=CAP_C0805X-HAC-DR_KEM New Footprint=CAP_C0805X-HAC-DR_KEM
Change Physical Footprint: Designator=C3 Old Footprint=FP-CL21-IPC_C New Footprint=FP-CL21-IPC_C
Change Physical Footprint: Designator=C4 Old Footprint=FP-CL21-IPC_C New Footprint=FP-CL21-IPC_C
Change Physical Footprint: Designator=C5 Old Footprint=FP-CL21-IPC_C New Footprint=FP-CL21-IPC_C
Change Physical Footprint: Designator=C6 Old Footprint=CAP_C0805X-HAC-DR_KEM New Footprint=CAP_C0805X-HAC-DR_KEM
Change Physical Footprint: Designator=C7 Old Footprint=CAPC0603 New Footprint=CAPC0603
Change Physical Footprint: Designator=C8 Old Footprint=CAPC0603 New Footprint=CAPC0603
Change Physical Footprint: Designator=C9 Old Footprint=FP-CL21-IPC_C New Footprint=FP-CL21-IPC_C
Change Physical Footprint: Designator=C10 Old Footprint=FP-CL21-IPC_C New Footprint=FP-CL21-IPC_C
Change Physical Footprint: Designator=C11 Old Footprint=FP-CL21-IPC_C New Footprint=FP-CL21-IPC_C
Change Physical Footprint: Designator=C12 Old Footprint=FP-CL21-IPC_C New Footprint=FP-CL21-IPC_C
Change Physical Footprint: Designator=C13 Old Footprint=FP-CL21-IPC_C New Footprint=FP-CL21-IPC_C
Change Physical Footprint: Designator=C14 Old Footprint=FP-CL21-IPC_C New Footprint=FP-CL21-IPC_C
Change Physical Footprint: Designator=C15 Old Footprint=FP-CL21-IPC_C New Footprint=FP-CL21-IPC_C
Change Physical Footprint: Designator=C16 Old Footprint=FP-CL21-IPC_C New Footprint=FP-CL21-IPC_C
Change Physical Footprint: Designator=C17 Old Footprint=FP-CL21-IPC_C New Footprint=FP-CL21-IPC_C
Change Physical Footprint: Designator=C18 Old Footprint=FP-CL21-IPC_C New Footprint=FP-CL21-IPC_C
Change Physical Footprint: Designator=C19 Old Footprint=FP-CL21-IPC_C New Footprint=FP-CL21-IPC_C
Change Physical Footprint: Designator=C20 Old Footprint=CAPC0603 New Footprint=CAPC0603
Change Physical Footprint: Designator=C21 Old Footprint=CAPC0603 New Footprint=CAPC0603
Change Physical Footprint: Designator=C22 Old Footprint=CAPC0603 New Footprint=CAPC0603
Change Physical Footprint: Designator=C23 Old Footprint=CAPC0603 New Footprint=CAPC0603
Change Physical Footprint: Designator=C24 Old Footprint=CAPC0603 New Footprint=CAPC0603
Change Physical Footprint: Designator=C25 Old Footprint=CAPC0603 New Footprint=CAPC0603
Change Physical Footprint: Designator=C26 Old Footprint=CAPC0603 New Footprint=CAPC0603
Change Physical Footprint: Designator=C27 Old Footprint=CAPC0603 New Footprint=CAPC0603
Change Physical Footprint: Designator=C28 Old Footprint=CAPC0603 New Footprint=CAPC0603
Change Physical Footprint: Designator=C29 Old Footprint=CAPC0603 New Footprint=CAPC0603
Change Physical Footprint: Designator=C30 Old Footprint=CAP_C0805X-HAC-DR_KEM New Footprint=CAP_C0805X-HAC-DR_KEM
Change Physical Footprint: Designator=C31 Old Footprint=CAP_C0805X-HAC-DR_KEM New Footprint=CAP_C0805X-HAC-DR_KEM
Change Physical Footprint: Designator=C32 Old Footprint=CAPC0603 New Footprint=CAPC0603
Change Physical Footprint: Designator=C33 Old Footprint=CAP_C0805X-HAC-DR_KEM New Footprint=CAP_C0805X-HAC-DR_KEM
Change Physical Footprint: Designator=D1 Old Footprint=SODFL3618X110N New Footprint=SODFL3618X110N
Change Physical Footprint: Designator=D2 Old Footprint=SOD2613X114N New Footprint=SOD2613X114N
Change Physical Footprint: Designator=D3 Old Footprint=SOD2613X114N New Footprint=SOD2613X114N
Change Physical Footprint: Designator=D4 Old Footprint=SOD2613X114N New Footprint=SOD2613X114N
Change Physical Footprint: Designator=IC1 Old Footprint=SON50P160X160X65-7N New Footprint=SON50P160X160X65-7N
Change Physical Footprint: Designator=P1 Old Footprint=PHOE-1803426_V New Footprint=PHOE-1803426_V
Change Physical Footprint: Designator=P2 Old Footprint=61300911121 New Footprint=61300911121
Change Physical Footprint: Designator=R1 Old Footprint=RESC0603 New Footprint=RESC0603
Change Physical Footprint: Designator=R2 Old Footprint=RESC0603 New Footprint=RESC0603
Change Physical Footprint: Designator=R3 Old Footprint=RESC0603 New Footprint=RESC0603
Change Physical Footprint: Designator=R4 Old Footprint=RESC3216X70X50LL20T25 New Footprint=RESC3216X70X50LL20T25
Change Physical Footprint: Designator=R5 Old Footprint=RESC3216X70X50LL20T25 New Footprint=RESC3216X70X50LL20T25
Change Physical Footprint: Designator=R6 Old Footprint=RESC3216X70X50LL20T25 New Footprint=RESC3216X70X50LL20T25
Change Physical Footprint: Designator=R7 Old Footprint=RESC3216X70X50LL20T25 New Footprint=RESC3216X70X50LL20T25
Change Physical Footprint: Designator=R8 Old Footprint=RESC3216X70X50LL20T25 New Footprint=RESC3216X70X50LL20T25
Change Physical Footprint: Designator=R9 Old Footprint=RESC0603 New Footprint=RESC0603
Change Physical Footprint: Designator=R10 Old Footprint=RES0805 New Footprint=RES0805
Change Physical Footprint: Designator=R11 Old Footprint=RES0805 New Footprint=RES0805
Change Physical Footprint: Designator=R12 Old Footprint=RESC0603 New Footprint=RESC0603
Change Physical Footprint: Designator=U1 Old Footprint=DGK0008A_M New Footprint=DGK0008A_M
Change Physical Footprint: Designator=U2 Old Footprint=FP-LT3045EDD#PBF-MFG New Footprint=FP-LT3045EDD#PBF-MFG
Change Physical Footprint: Designator=U3 Old Footprint=FP-LT3045EDD#PBF-MFG New Footprint=FP-LT3045EDD#PBF-MFG
Change Physical Footprint: Designator=U4 Old Footprint=NLG40P2_MFG New Footprint=NLG40P2_MFG
