Removed Pin From Net: NetName=GND Pin=C4-1
Removed Pin From Net: NetName=+3V3 Pin=C4-2
Removed Pin From Net: NetName=GND Pin=C5-1
Removed Pin From Net: NetName=+3V3 Pin=C5-2
Removed Pin From Net: NetName=GND Pin=C9-1
Removed Pin From Net: NetName=+3V3 Pin=C9-2
Removed Pin From Net: NetName=GND Pin=C10-1
Removed Pin From Net: NetName=+3V3 Pin=C10-2
Added Component: Designator=IC2(NLG40P2_MFG)
Add component (AddParameter): Name = "Arrow Part Number"; Value = ""; VariantName = "[No Variations]"
Add component (AddParameter): Name = "Arrow Price/Stock"; Value = ""; VariantName = "[No Variations]"
Add component (AddParameter): Name = "Datasheet Link"; Value = "https://www.idt.com/document/dst/8t49n241-datasheet"; VariantName = "[No Variations]"
Add component (AddParameter): Name = "Height"; Value = "1mm"; VariantName = "[No Variations]"
Add component (AddParameter): Name = "Manufacturer_Name"; Value = "Renesas Electronics"; VariantName = "[No Variations]"
Add component (AddParameter): Name = "Manufacturer_Part_Number"; Value = "8T49N241-999NLGI"; VariantName = "[No Variations]"
Add component (AddParameter): Name = "Mouser Part Number"; Value = "972-8T49N241-999NLGI"; VariantName = "[No Variations]"
Add component (AddParameter): Name = "Mouser Price/Stock"; Value = "https://www.mouser.co.uk/ProductDetail/Renesas-Electronics/8T49N241-999NLGI?qs=ZwKJWZfDtNjnVZ7GQAcPpQ%3D%3D"; VariantName = "[No Variations]"
Add component (AddParameter): Name = "Supplier 1"; Value = "DigiKey"; VariantName = "[No Variations]"
Add component (AddParameter): Name = "Supplier Part Number 1"; Value = "800-3385-ND"; VariantName = "[No Variations]"
Added Pin To Net: NetName=+3V3 Pin=C4-1
Added Pin To Net: NetName=GND Pin=C4-2
Added Pin To Net: NetName=+3V3 Pin=C5-1
Added Pin To Net: NetName=GND Pin=C5-2
Added Pin To Net: NetName=+3V3 Pin=C9-1
Added Pin To Net: NetName=GND Pin=C9-2
Added Pin To Net: NetName=+3V3 Pin=C10-1
Added Pin To Net: NetName=GND Pin=C10-2
Added Pin To Net: NetName=+3V3 Pin=IC2-1
Added Pin To Net: NetName=+3V3 Pin=IC2-2
Added Pin To Net: NetName=GPIO_1 Pin=IC2-3
Added Pin To Net: NetName=+1V8 Pin=IC2-4
Added Pin To Net: NetName=SMA_OUT_1 Pin=IC2-5
Added Pin To Net: NetName=GPIO_2 Pin=IC2-7
Added Pin To Net: NetName=SDA Pin=IC2-11
Added Pin To Net: NetName=SCL Pin=IC2-12
Added Pin To Net: NetName=+3V3 Pin=IC2-13
Added Pin To Net: NetName=GND Pin=IC2-14
Added Pin To Net: NetName=+3V3 Pin=IC2-15
Added Pin To Net: NetName=8T_CLK Pin=IC2-16
Added Pin To Net: NetName=8T_*CLK Pin=IC2-17
Added Pin To Net: NetName=GND Pin=IC2-20
Added Pin To Net: NetName=GPIO_3 Pin=IC2-24
Added Pin To Net: NetName=GPIO_4 Pin=IC2-28
Added Pin To Net: NetName=INTR Pin=IC2-29
Added Pin To Net: NetName=+3V3 Pin=IC2-30
Added Pin To Net: NetName=RESET Pin=IC2-31
Added Pin To Net: NetName=+3V3 Pin=IC2-32
Added Pin To Net: NetName=NetIC2_35 Pin=IC2-35
Added Pin To Net: NetName=+3V3 Pin=IC2-36
Added Pin To Net: NetName=NetC18_1 Pin=IC2-37
Added Pin To Net: NetName=NetC17_1 Pin=IC2-38
Added Pin To Net: NetName=+3V3 Pin=IC2-39
Added Pin To Net: NetName=GND Pin=IC2-40
Added Pin To Net: NetName=GND Pin=IC2-41
Added Member To Class: ClassName=A4_TDR_Schematic_PB Member=Component IC2 8T49N241-999NLGI
