Removed Pin From Net: NetName=+3V3 Pin=-2
Removed Pin From Net: NetName=VCO3 Pin=-2
Change Component Designator: OldDesignator= NewDesignator=C7
Change Component Designator: OldDesignator= NewDesignator=C8
Change Component Designator: OldDesignator= NewDesignator=C9
Change Component Designator: OldDesignator= NewDesignator=C10
Change Component Designator: OldDesignator= NewDesignator=C11
Change Component Designator: OldDesignator= NewDesignator=C12
Change Component Designator: OldDesignator= NewDesignator=C13
Change Component Designator: OldDesignator= NewDesignator=C14
Change Component Designator: OldDesignator= NewDesignator=C15
Change Component Designator: OldDesignator= NewDesignator=C16
Change Component Designator: OldDesignator= NewDesignator=C17
Change Component Designator: OldDesignator= NewDesignator=C18
Change Component Designator: OldDesignator= NewDesignator=C19
Change Component Designator: OldDesignator= NewDesignator=C20
Change Component Designator: OldDesignator= NewDesignator=C21
Change Component Designator: OldDesignator= NewDesignator=C22
Change Component Designator: OldDesignator= NewDesignator=C32
Change Component Designator: OldDesignator= NewDesignator=C33
Change Component Designator: OldDesignator= NewDesignator=C34
Change Component Designator: OldDesignator= NewDesignator=C37
Change Component Designator: OldDesignator= NewDesignator=C38
Change Component Designator: OldDesignator= NewDesignator=C40
Change Component Designator: OldDesignator=Input NewDesignator=P2
Change Component Designator: OldDesignator=POWER NewDesignator=P1
Added Pin To Net: NetName=+3V3 Pin=C37-2
Added Pin To Net: NetName=VCO3 Pin=C40-2
Added Member To Class: ClassName=8T49N241-999NLGI Member=Component C7 100pF
Added Member To Class: ClassName=8T49N241-999NLGI Member=Component C8 100pF
Added Member To Class: ClassName=8T49N241-999NLGI Member=Component C9 100pF
Added Member To Class: ClassName=8T49N241-999NLGI Member=Component C10 100pF
Added Member To Class: ClassName=8T49N241-999NLGI Member=Component C11 100pF
Added Member To Class: ClassName=8T49N241-999NLGI Member=Component C12 0.1uF
Added Member To Class: ClassName=8T49N241-999NLGI Member=Component C13 0.1uF
Added Member To Class: ClassName=8T49N241-999NLGI Member=Component C14 0.1uF
Added Member To Class: ClassName=8T49N241-999NLGI Member=Component C15 0.1uF
Added Member To Class: ClassName=8T49N241-999NLGI Member=Component C16 0.1uF
Added Member To Class: ClassName=8T49N241-999NLGI Member=Component C17 0.1uF
Added Member To Class: ClassName=8T49N241-999NLGI Member=Component C18 0.1uF
Added Member To Class: ClassName=8T49N241-999NLGI Member=Component C19 0.1uF
Added Member To Class: ClassName=8T49N241-999NLGI Member=Component C20 100pF
Added Member To Class: ClassName=8T49N241-999NLGI Member=Component C21 100pF
Added Member To Class: ClassName=8T49N241-999NLGI Member=Component C22 100pF
Added Member To Class: ClassName=8T49N241-999NLGI Member=Component C32 100pF
Added Member To Class: ClassName=8T49N241-999NLGI Member=Component C33 100pF
Added Member To Class: ClassName=8T49N241-999NLGI Member=Component C34 100pF
Added Member To Class: ClassName=8T49N241-999NLGI Member=Component C37 0.1uF
Added Member To Class: ClassName=8T49N241-999NLGI Member=Component C38 0.1uF
Added Member To Class: ClassName=8T49N241-999NLGI Member=Component C40 0.1uF
Added Member To Class: ClassName=TDR_Schematic_PB Member=Component P1 1803426
Added Member To Class: ClassName=TDR_Schematic_PB Member=Component P2 61300911121
