Removed Pin From Net: NetName=8T_CLK_P Pin=R7-1
Removed Pin From Net: NetName=NetR6_2 Pin=R7-2
Removed Pin From Net: NetName=8T_CLK_N Pin=R8-1
Removed Pin From Net: NetName=NetR6_2 Pin=R8-2
Removed Pin From Net: NetName=NetC5_1 Pin=R9-1
Removed Pin From Net: NetName=NetC4_1 Pin=R9-2
Removed Pin From Net: NetName=8T_CLK_P Pin=U2-1
Removed Pin From Net: NetName=8T_CLK_N Pin=U2-2
Removed Pin From Net: NetName=NetC4_1 Pin=U2-3
Removed Pin From Net: NetName=NetC5_1 Pin=U2-4
Removed Pin From Net: NetName=8T_CLK_P Pin=U3-16
Removed Pin From Net: NetName=8T_CLK_N Pin=U3-17
Added Pin To Net: NetName=NetR6_2 Pin=R7-1
Added Pin To Net: NetName=8T_CLK_P Pin=R7-2
Added Pin To Net: NetName=NetR6_2 Pin=R8-1
Added Pin To Net: NetName=8T_CLK_N Pin=R8-2
Added Pin To Net: NetName=NetC4_1 Pin=R9-1
Added Pin To Net: NetName=NetC5_1 Pin=R9-2
Added Pin To Net: NetName=NetC4_1 Pin=U2-1
Added Pin To Net: NetName=NetC5_1 Pin=U2-2
Added Pin To Net: NetName=8T_CLK_N Pin=U2-3
Added Pin To Net: NetName=8T_CLK_P Pin=U2-4
Added Pin To Net: NetName=8T_CLK_N Pin=U3-16
Added Pin To Net: NetName=8T_CLK_P Pin=U3-17
