Removed Pin From Net: NetName=GND Pin=C30-1
Removed Pin From Net: NetName=+3V3 Pin=C30-2
Removed Pin From Net: NetName=GND Pin=C39-1
Removed Pin From Net: NetName=+3V3 Pin=C39-2
Removed Member From Class: ClassName=8T49N241-999NLGI Member=C30
Removed Member From Class: ClassName=8T49N241-999NLGI Member=C39
Change Component Comment : Designator=U3 Old Comment=8T49N241-999NLGI New Comment=8T49N241-998NLGI
Added Component: Designator=R20(RES0805)
Add component (AddParameter): Name = "Availability"; Value = "Unavailable"; VariantName = "[No Variations]"
Add component (AddParameter): Name = "MF"; Value = ""; VariantName = "[No Variations]"
Add component (AddParameter): Name = "MP"; Value = "RT0805FRE075K36L"; VariantName = "[No Variations]"
Add component (AddParameter): Name = "Package"; Value = "None"; VariantName = "[No Variations]"
Add component (AddParameter): Name = "Price"; Value = "None"; VariantName = "[No Variations]"
Add component (AddParameter): Name = "Value"; Value = ""; VariantName = "[No Variations]"
Added Component: Designator=R21(RES0805)
Add component (AddParameter): Name = "Availability"; Value = "Unavailable"; VariantName = "[No Variations]"
Add component (AddParameter): Name = "MF"; Value = ""; VariantName = "[No Variations]"
Add component (AddParameter): Name = "MP"; Value = "RT0805FRE075K36L"; VariantName = "[No Variations]"
Add component (AddParameter): Name = "Package"; Value = "None"; VariantName = "[No Variations]"
Add component (AddParameter): Name = "Price"; Value = "None"; VariantName = "[No Variations]"
Add component (AddParameter): Name = "Value"; Value = ""; VariantName = "[No Variations]"
Added Component: Designator=X2(H130B2500018F1030EXTTR)
Add component (AddParameter): Name = "Datasheet Link"; Value = "https://raltron.com/webproducts/specs/CRYSTAL/H130B-25.000-18-F-1030-EXT-TR.pdf"; VariantName = "[No Variations]"
Add component (AddParameter): Name = "Farnell Part Number"; Value = ""; VariantName = "[No Variations]"
Add component (AddParameter): Name = "Farnell Price/Stock"; Value = ""; VariantName = "[No Variations]"
Add component (AddParameter): Name = "Geometry.Height"; Value = "0.9mm"; VariantName = "[No Variations]"
Add component (AddParameter): Name = "Manufacturer_Name"; Value = "RALTRON"; VariantName = "[No Variations]"
Add component (AddParameter): Name = "Manufacturer_Part_Number"; Value = "H130B-25.000-18-F-1030-EXT-TR"; VariantName = "[No Variations]"
Added Pin To Net: NetName=GND Pin=R20-1
Added Pin To Net: NetName=NetR12_1 Pin=R20-2
Added Pin To Net: NetName=GND Pin=R21-1
Added Pin To Net: NetName=NetR13_1 Pin=R21-2
Added Pin To Net: NetName=NetU3_33 Pin=U3-33
Added Pin To Net: NetName=NetU3_33 Pin=X2-1
Added Net: Name=NetU3_33
Added Pin To Net: NetName=NetU3_34 Pin=U3-34
Added Pin To Net: NetName=NetU3_34 Pin=X2-3
Added Net: Name=NetU3_34
Added Member To Class: ClassName=8T49N241-999NLGI Member=Component C10 100pF
Added Member To Class: ClassName=8T49N241-999NLGI Member=Component R20 DNM
Added Member To Class: ClassName=8T49N241-999NLGI Member=Component R21 DNM
Added Member To Class: ClassName=8T49N241-999NLGI Member=Component X2 H130B-25.000-18-F-1030-EXT-TR
