Added Component: Designator=MH1(CAPC0603)
Add component (AddParameter): Name = "Copyright"; Value = "Copyright (C) 2025 Ultra Librarian. All rights reserved."; VariantName = "[No Variations]"
Add component (AddParameter): Name = "Manufacturer_Name"; Value = "Kemet"; VariantName = "[No Variations]"
Add component (AddParameter): Name = "Manufacturer_Part_Number"; Value = "C0805X399C8HAC7800"; VariantName = "[No Variations]"
Add component (AddParameter): Name = "RefDes"; Value = ""; VariantName = "[No Variations]"
Add component (AddParameter): Name = "Type"; Value = ""; VariantName = "[No Variations]"
Added Component: Designator=MH2(CAPC0603)
Add component (AddParameter): Name = "Copyright"; Value = "Copyright (C) 2025 Ultra Librarian. All rights reserved."; VariantName = "[No Variations]"
Add component (AddParameter): Name = "Manufacturer_Name"; Value = "Kemet"; VariantName = "[No Variations]"
Add component (AddParameter): Name = "Manufacturer_Part_Number"; Value = "C0805X399C8HAC7800"; VariantName = "[No Variations]"
Add component (AddParameter): Name = "RefDes"; Value = ""; VariantName = "[No Variations]"
Add component (AddParameter): Name = "Type"; Value = ""; VariantName = "[No Variations]"
Added Component: Designator=MH3(CAPC0603)
Add component (AddParameter): Name = "Copyright"; Value = "Copyright (C) 2025 Ultra Librarian. All rights reserved."; VariantName = "[No Variations]"
Add component (AddParameter): Name = "Manufacturer_Name"; Value = "Kemet"; VariantName = "[No Variations]"
Add component (AddParameter): Name = "Manufacturer_Part_Number"; Value = "C0805X399C8HAC7800"; VariantName = "[No Variations]"
Add component (AddParameter): Name = "RefDes"; Value = ""; VariantName = "[No Variations]"
Add component (AddParameter): Name = "Type"; Value = ""; VariantName = "[No Variations]"
Added Component: Designator=MH4(CAPC0603)
Add component (AddParameter): Name = "Copyright"; Value = "Copyright (C) 2025 Ultra Librarian. All rights reserved."; VariantName = "[No Variations]"
Add component (AddParameter): Name = "Manufacturer_Name"; Value = "Kemet"; VariantName = "[No Variations]"
Add component (AddParameter): Name = "Manufacturer_Part_Number"; Value = "C0805X399C8HAC7800"; VariantName = "[No Variations]"
Add component (AddParameter): Name = "RefDes"; Value = ""; VariantName = "[No Variations]"
Add component (AddParameter): Name = "Type"; Value = ""; VariantName = "[No Variations]"
Added Pin To Net: NetName=SCL Pin=D5-1
Added Pin To Net: NetName=GND Pin=MH1-1
Added Pin To Net: NetName=GND Pin=MH2-1
Added Pin To Net: NetName=GND Pin=MH3-1
Added Pin To Net: NetName=GND Pin=MH4-1
Added Pin To Net: NetName=SCL Pin=Input-3
Added Pin To Net: NetName=SCL Pin=R10-1
Added Pin To Net: NetName=SCL Pin=U3-11
Add Class Member: Failed to add class member : Component C7 100pF
Add Class Member: Failed to add class member : Component C9 100pF
Add Class Member: Failed to add class member : Component C10 100pF
Add Class Member: Failed to add class member : Component C11 100pF
Add Class Member: Failed to add class member : Component C12 0.1uF
Add Class Member: Failed to add class member : Component C13 0.1uF
Add Class Member: Failed to add class member : Component C14 0.1uF
Add Class Member: Failed to add class member : Component C15 0.1uF
Add Class Member: Failed to add class member : Component C16 0.1uF
Add Class Member: Failed to add class member : Component C17 0.1uF
Add Class Member: Failed to add class member : Component C18 0.1uF
Add Class Member: Failed to add class member : Component C19 0.1uF
Add Class Member: Failed to add class member : Component C20 100pF
Add Class Member: Failed to add class member : Component C21 100pF
Add Class Member: Failed to add class member : Component C22 100pF
Add Class Member: Failed to add class member : Component C32 100pF
Add Class Member: Failed to add class member : Component C33 100pF
Add Class Member: Failed to add class member : Component C34 100pF
Add Class Member: Failed to add class member : Component C37 0.1uF
Add Class Member: Failed to add class member : Component C38 0.1uF
Add Class Member: Failed to add class member : Component C40 0.1uF
Added Member To Class: ClassName=TDR_Schematic_PB Member=Component MH1 DNM
Added Member To Class: ClassName=TDR_Schematic_PB Member=Component MH2 DNM
Added Member To Class: ClassName=TDR_Schematic_PB Member=Component MH3 DNM
Added Member To Class: ClassName=TDR_Schematic_PB Member=Component MH4 DNM
