Added Member To Class: ClassName=8T49N241-999NLGI Member=Component C7 100pF
Added Member To Class: ClassName=8T49N241-999NLGI Member=Component C8 100pF
Added Member To Class: ClassName=8T49N241-999NLGI Member=Component C9 100pF
Added Member To Class: ClassName=8T49N241-999NLGI Member=Component C10 100pF
Added Member To Class: ClassName=8T49N241-999NLGI Member=Component C11 100pF
Added Member To Class: ClassName=8T49N241-999NLGI Member=Component C12 0.1uF
Added Member To Class: ClassName=8T49N241-999NLGI Member=Component C13 0.1uF
Added Member To Class: ClassName=8T49N241-999NLGI Member=Component C14 0.1uF
Added Member To Class: ClassName=8T49N241-999NLGI Member=Component C15 0.1uF
Added Member To Class: ClassName=8T49N241-999NLGI Member=Component C16 0.1uF
Added Member To Class: ClassName=8T49N241-999NLGI Member=Component C17 0.1uF
Added Member To Class: ClassName=8T49N241-999NLGI Member=Component C18 0.1uF
Added Member To Class: ClassName=8T49N241-999NLGI Member=Component C19 0.1uF
Added Member To Class: ClassName=8T49N241-999NLGI Member=Component C20 100pF
Added Member To Class: ClassName=8T49N241-999NLGI Member=Component C21 100pF
Added Member To Class: ClassName=8T49N241-999NLGI Member=Component C22 100pF
Added Member To Class: ClassName=8T49N241-999NLGI Member=Component C23 0.1uF
Added Member To Class: ClassName=8T49N241-999NLGI Member=Component C24 10pF
Added Member To Class: ClassName=8T49N241-999NLGI Member=Component C25 10pF
Added Member To Class: ClassName=8T49N241-999NLGI Member=Component C26 0.1uF
Added Member To Class: ClassName=8T49N241-999NLGI Member=Component C27 10pF
Added Member To Class: ClassName=8T49N241-999NLGI Member=Component C28 0.1uF
Added Member To Class: ClassName=8T49N241-999NLGI Member=Component C29 0.1uF
Added Member To Class: ClassName=8T49N241-999NLGI Member=Component C30 0.1uF
Added Member To Class: ClassName=8T49N241-999NLGI Member=Component C31 10pF
Added Member To Class: ClassName=8T49N241-999NLGI Member=Component C32 100pF
Added Member To Class: ClassName=8T49N241-999NLGI Member=Component C33 100pF
Added Member To Class: ClassName=8T49N241-999NLGI Member=Component C34 100pF
Added Member To Class: ClassName=8T49N241-999NLGI Member=Component C37 0.1uF
Added Member To Class: ClassName=8T49N241-999NLGI Member=Component C38 0.1uF
Added Member To Class: ClassName=8T49N241-999NLGI Member=Component C39 100pF
Added Member To Class: ClassName=8T49N241-999NLGI Member=Component C40 0.1uF
Added Member To Class: ClassName=8T49N241-999NLGI Member=Component D12 TLMG1100-GS15
Added Member To Class: ClassName=8T49N241-999NLGI Member=Component R10 10K
Added Member To Class: ClassName=8T49N241-999NLGI Member=Component R11 10K
Added Member To Class: ClassName=8T49N241-999NLGI Member=Component R12 DNM
Added Member To Class: ClassName=8T49N241-999NLGI Member=Component R13 DNM
Added Member To Class: ClassName=8T49N241-999NLGI Member=Component R14 10K
Added Member To Class: ClassName=8T49N241-999NLGI Member=Component R15 10K
Added Member To Class: ClassName=8T49N241-999NLGI Member=Component R16 10K
Added Member To Class: ClassName=8T49N241-999NLGI Member=Component R17 600
Added Member To Class: ClassName=8T49N241-999NLGI Member=Component U3 8T49N241-999NLGI
