Added Component: Designator=C42(CAPPRD200W55D500H1250 - duplicate)
Added Component: Designator=D2(TLMG1100GS15)
Add component (AddParameter): Name = "Datasheet Link"; Value = "https://www.vishay.com/docs/83173/tlmx1100.pdf"; VariantName = "[No Variations]"
Add component (AddParameter): Name = "Geometry.Height"; Value = "0.65mm"; VariantName = "[No Variations]"
Add component (AddParameter): Name = "Manufacturer_Name"; Value = "Vishay"; VariantName = "[No Variations]"
Add component (AddParameter): Name = "Manufacturer_Part_Number"; Value = "TLMG1100-GS15"; VariantName = "[No Variations]"
Add component (AddParameter): Name = "Mouser Part Number"; Value = "78-TLMG1100-GS15"; VariantName = "[No Variations]"
Add component (AddParameter): Name = "Mouser Price/Stock"; Value = "https://www.mouser.co.uk/ProductDetail/Vishay-Semiconductors/TLMG1100-GS15?qs=vvQtp7zwQdObPNLeC1kn7g%3D%3D"; VariantName = "[No Variations]"
Added Component: Designator=D12(TLMG1100GS15)
Add component (AddParameter): Name = "Datasheet Link"; Value = "https://www.vishay.com/docs/83173/tlmx1100.pdf"; VariantName = "[No Variations]"
Add component (AddParameter): Name = "Geometry.Height"; Value = "0.65mm"; VariantName = "[No Variations]"
Add component (AddParameter): Name = "Manufacturer_Name"; Value = "Vishay"; VariantName = "[No Variations]"
Add component (AddParameter): Name = "Manufacturer_Part_Number"; Value = "TLMG1100-GS15"; VariantName = "[No Variations]"
Add component (AddParameter): Name = "Mouser Part Number"; Value = "78-TLMG1100-GS15"; VariantName = "[No Variations]"
Add component (AddParameter): Name = "Mouser Price/Stock"; Value = "https://www.mouser.co.uk/ProductDetail/Vishay-Semiconductors/TLMG1100-GS15?qs=vvQtp7zwQdObPNLeC1kn7g%3D%3D"; VariantName = "[No Variations]"
Added Pin To Net: NetName=NetC42_1 Pin=C42-1
Added Pin To Net: NetName=GND Pin=C42-2
Added Pin To Net: NetName=NetD2_1 Pin=D2-1
Added Pin To Net: NetName=+3V3 Pin=D2-2
Added Pin To Net: NetName=GND Pin=D12-1
Added Pin To Net: NetName=NetD12_2 Pin=D12-2
Added Member To Class: ClassName=TDR_Schematic_PB Member=Component C42 100uF
Added Member To Class: ClassName=TDR_Schematic_PB Member=Component D2 TLMG1100-GS15
Added Member To Class: ClassName=8T49N241-999NLGI Member=Component D12 TLMG1100-GS15
