Replace Part C1 C0805X399C8HAC7800 in C:\Users\PioBudny\Desktop\Studia\In퓓nierka\Engineer-s-Thesis\Altium\TDR\TDR_Schematic_PB.SchDoc with C0805X399C8HAC7800 from TDR_int_lib.IntLib
Replace Part C2 C0805X399C8HAC7800 in C:\Users\PioBudny\Desktop\Studia\In퓓nierka\Engineer-s-Thesis\Altium\TDR\TDR_Schematic_PB.SchDoc with C0805X399C8HAC7800 from TDR_int_lib.IntLib
Update Managed Component C3 From CMP-2000-05017-2[CL21B104KBCNNNC] To CMP-2000-05017-2[CL21B104KBCNNNC] in TDR_Schematic_PB.SchDoc
Update Managed Component C4 From CMP-2000-05017-2[CL21B104KBCNNNC] To CMP-2000-05017-2[CL21B104KBCNNNC] in TDR_Schematic_PB.SchDoc
Update Managed Component C5 From CMP-2000-05017-2[CL21B104KBCNNNC] To CMP-2000-05017-2[CL21B104KBCNNNC] in TDR_Schematic_PB.SchDoc
Replace Part C6 C0805X399C8HAC7800 in C:\Users\PioBudny\Desktop\Studia\In퓓nierka\Engineer-s-Thesis\Altium\TDR\TDR_Schematic_PB.SchDoc with C0805X399C8HAC7800 from TDR_int_lib.IntLib
Replace Part C7 06035J100FBSTR in C:\Users\PioBudny\Desktop\Studia\In퓓nierka\Engineer-s-Thesis\Altium\TDR\TDR_Schematic_PB.SchDoc with 06035J100FBSTR from TDR_int_lib.IntLib
Replace Part C8 06035J100FBSTR in C:\Users\PioBudny\Desktop\Studia\In퓓nierka\Engineer-s-Thesis\Altium\TDR\TDR_Schematic_PB.SchDoc with 06035J100FBSTR from TDR_int_lib.IntLib
Update Managed Component C9 From CMP-2000-05017-2[CL21B104KBCNNNC] To CMP-2000-05017-2[CL21B104KBCNNNC] in TDR_Schematic_PB.SchDoc
Update Managed Component C10 From CMP-2000-05017-2[CL21B104KBCNNNC] To CMP-2000-05017-2[CL21B104KBCNNNC] in TDR_Schematic_PB.SchDoc
Update Managed Component C11 From CMP-2000-05017-2[CL21B104KBCNNNC] To CMP-2000-05017-2[CL21B104KBCNNNC] in TDR_Schematic_PB.SchDoc
Update Managed Component C12 From CMP-2000-05017-2[CL21B104KBCNNNC] To CMP-2000-05017-2[CL21B104KBCNNNC] in TDR_Schematic_PB.SchDoc
Update Managed Component C13 From CMP-2000-05017-2[CL21B104KBCNNNC] To CMP-2000-05017-2[CL21B104KBCNNNC] in TDR_Schematic_PB.SchDoc
Update Managed Component C14 From CMP-2000-05017-2[CL21B104KBCNNNC] To CMP-2000-05017-2[CL21B104KBCNNNC] in TDR_Schematic_PB.SchDoc
Update Managed Component C15 From CMP-2000-05017-2[CL21B104KBCNNNC] To CMP-2000-05017-2[CL21B104KBCNNNC] in TDR_Schematic_PB.SchDoc
Update Managed Component C16 From CMP-2000-05017-2[CL21B104KBCNNNC] To CMP-2000-05017-2[CL21B104KBCNNNC] in TDR_Schematic_PB.SchDoc
Update Managed Component C17 From CMP-2000-05017-2[CL21B104KBCNNNC] To CMP-2000-05017-2[CL21B104KBCNNNC] in TDR_Schematic_PB.SchDoc
Update Managed Component C18 From CMP-2000-05017-2[CL21B104KBCNNNC] To CMP-2000-05017-2[CL21B104KBCNNNC] in TDR_Schematic_PB.SchDoc
Update Managed Component C19 From CMP-2000-05017-2[CL21B104KBCNNNC] To CMP-2000-05017-2[CL21B104KBCNNNC] in TDR_Schematic_PB.SchDoc
Replace Part C20 C0805X399C8HAC7800 in C:\Users\PioBudny\Desktop\Studia\In퓓nierka\Engineer-s-Thesis\Altium\TDR\TDR_Schematic_PB.SchDoc with C0805X399C8HAC7800 from TDR_int_lib.IntLib
Replace Part C21 C0805X399C8HAC7800 in C:\Users\PioBudny\Desktop\Studia\In퓓nierka\Engineer-s-Thesis\Altium\TDR\TDR_Schematic_PB.SchDoc with C0805X399C8HAC7800 from TDR_int_lib.IntLib
Replace Part C22 C0805X399C8HAC7800 in C:\Users\PioBudny\Desktop\Studia\In퓓nierka\Engineer-s-Thesis\Altium\TDR\TDR_Schematic_PB.SchDoc with C0805X399C8HAC7800 from TDR_int_lib.IntLib
Replace Part C23 C0805X399C8HAC7800 in C:\Users\PioBudny\Desktop\Studia\In퓓nierka\Engineer-s-Thesis\Altium\TDR\TDR_Schematic_PB.SchDoc with C0805X399C8HAC7800 from TDR_int_lib.IntLib
Replace Part C24 C0805X399C8HAC7800 in C:\Users\PioBudny\Desktop\Studia\In퓓nierka\Engineer-s-Thesis\Altium\TDR\TDR_Schematic_PB.SchDoc with C0805X399C8HAC7800 from TDR_int_lib.IntLib
Replace Part C25 C0805X399C8HAC7800 in C:\Users\PioBudny\Desktop\Studia\In퓓nierka\Engineer-s-Thesis\Altium\TDR\TDR_Schematic_PB.SchDoc with C0805X399C8HAC7800 from TDR_int_lib.IntLib
Replace Part C26 C0805X399C8HAC7800 in C:\Users\PioBudny\Desktop\Studia\In퓓nierka\Engineer-s-Thesis\Altium\TDR\TDR_Schematic_PB.SchDoc with C0805X399C8HAC7800 from TDR_int_lib.IntLib
Replace Part C27 C0805X399C8HAC7800 in C:\Users\PioBudny\Desktop\Studia\In퓓nierka\Engineer-s-Thesis\Altium\TDR\TDR_Schematic_PB.SchDoc with C0805X399C8HAC7800 from TDR_int_lib.IntLib
Replace Part C28 06035J100FBSTR in C:\Users\PioBudny\Desktop\Studia\In퓓nierka\Engineer-s-Thesis\Altium\TDR\TDR_Schematic_PB.SchDoc with 06035J100FBSTR from TDR_int_lib.IntLib
Replace Part C29 C0805X399C8HAC7800 in C:\Users\PioBudny\Desktop\Studia\In퓓nierka\Engineer-s-Thesis\Altium\TDR\TDR_Schematic_PB.SchDoc with C0805X399C8HAC7800 from TDR_int_lib.IntLib
Replace Part C30 C0805X399C8HAC7800 in C:\Users\PioBudny\Desktop\Studia\In퓓nierka\Engineer-s-Thesis\Altium\TDR\TDR_Schematic_PB.SchDoc with C0805X399C8HAC7800 from TDR_int_lib.IntLib
Replace Part C31 C0805X399C8HAC7800 in C:\Users\PioBudny\Desktop\Studia\In퓓nierka\Engineer-s-Thesis\Altium\TDR\TDR_Schematic_PB.SchDoc with C0805X399C8HAC7800 from TDR_int_lib.IntLib
Replace Part C32 C0805X399C8HAC7800 in C:\Users\PioBudny\Desktop\Studia\In퓓nierka\Engineer-s-Thesis\Altium\TDR\TDR_Schematic_PB.SchDoc with C0805X399C8HAC7800 from TDR_int_lib.IntLib
Replace Part C33 C0805X399C8HAC7800 in C:\Users\PioBudny\Desktop\Studia\In퓓nierka\Engineer-s-Thesis\Altium\TDR\TDR_Schematic_PB.SchDoc with C0805X399C8HAC7800 from TDR_int_lib.IntLib
Replace Part D1 SMF5.0A-T13 in C:\Users\PioBudny\Desktop\Studia\In퓓nierka\Engineer-s-Thesis\Altium\TDR\TDR_Schematic_PB.SchDoc with SMF5.0A-T13 from TDR.IntLib
Replace Part D2 AQ4020-01FTG in C:\Users\PioBudny\Desktop\Studia\In퓓nierka\Engineer-s-Thesis\Altium\TDR\TDR_Schematic_PB.SchDoc with AQ4020-01FTG from TDR.IntLib
Replace Part D3 AQ4020-01FTG in C:\Users\PioBudny\Desktop\Studia\In퓓nierka\Engineer-s-Thesis\Altium\TDR\TDR_Schematic_PB.SchDoc with AQ4020-01FTG from TDR.IntLib
Replace Part D4 AQ4020-01FTG in C:\Users\PioBudny\Desktop\Studia\In퓓nierka\Engineer-s-Thesis\Altium\TDR\TDR_Schematic_PB.SchDoc with AQ4020-01FTG from TDR.IntLib
Replace Part IC1 UCLAMP3306P.TCT in C:\Users\PioBudny\Desktop\Studia\In퓓nierka\Engineer-s-Thesis\Altium\TDR\TDR_Schematic_PB.SchDoc with UCLAMP3306P.TCT from TDR.IntLib
Replace Part J1 142-0701-851 in C:\Users\PioBudny\Desktop\Studia\In퓓nierka\Engineer-s-Thesis\Altium\TDR\TDR_Schematic_PB.SchDoc with 142-0701-851 from TDR_int_lib.IntLib
Replace Part J2 142-0701-851 in C:\Users\PioBudny\Desktop\Studia\In퓓nierka\Engineer-s-Thesis\Altium\TDR\TDR_Schematic_PB.SchDoc with 142-0701-851 from TDR_int_lib.IntLib
Replace Part J3 142-0701-851 in C:\Users\PioBudny\Desktop\Studia\In퓓nierka\Engineer-s-Thesis\Altium\TDR\TDR_Schematic_PB.SchDoc with 142-0701-851 from TDR_int_lib.IntLib
Update Managed Component P1 From CMP-2000-05826-1[1803426] To CMP-2000-05826-1[1803426] in TDR_Schematic_PB.SchDoc
Update Managed Component P2 From CMP-1502-01080-4[61300911121] To CMP-1502-01080-4[61300911121] in TDR_Schematic_PB.SchDoc
Replace Part R1 Resistor in C:\Users\PioBudny\Desktop\Studia\In퓓nierka\Engineer-s-Thesis\Altium\TDR\TDR_Schematic_PB.SchDoc with Resistor from Simulation Generic Components.IntLib
Replace Part R2 Resistor in C:\Users\PioBudny\Desktop\Studia\In퓓nierka\Engineer-s-Thesis\Altium\TDR\TDR_Schematic_PB.SchDoc with Resistor from Simulation Generic Components.IntLib
Replace Part R3 Resistor in C:\Users\PioBudny\Desktop\Studia\In퓓nierka\Engineer-s-Thesis\Altium\TDR\TDR_Schematic_PB.SchDoc with Resistor from Simulation Generic Components.IntLib
Update Managed Component R4 From CMP-2003-04407-1[ERA8AEB103V] To CMP-2003-04407-1[ERA8AEB103V] in TDR_Schematic_PB.SchDoc
Update Managed Component R5 From CMP-2003-04407-1[ERA8AEB103V] To CMP-2003-04407-1[ERA8AEB103V] in TDR_Schematic_PB.SchDoc
Update Managed Component R6 From CMP-2003-04407-1[ERA8AEB103V] To CMP-2003-04407-1[ERA8AEB103V] in TDR_Schematic_PB.SchDoc
Update Managed Component R7 From CMP-2003-04407-1[ERA8AEB103V] To CMP-2003-04407-1[ERA8AEB103V] in TDR_Schematic_PB.SchDoc
Update Managed Component R8 From CMP-2003-04407-1[ERA8AEB103V] To CMP-2003-04407-1[ERA8AEB103V] in TDR_Schematic_PB.SchDoc
Replace Part R9 Resistor in C:\Users\PioBudny\Desktop\Studia\In퓓nierka\Engineer-s-Thesis\Altium\TDR\TDR_Schematic_PB.SchDoc with Resistor from Simulation Generic Components.IntLib
Replace Part R10 RT0805FRE075K36L in C:\Users\PioBudny\Desktop\Studia\In퓓nierka\Engineer-s-Thesis\Altium\TDR\TDR_Schematic_PB.SchDoc with RT0805FRE075K36L from TDR_int_lib.IntLib
Replace Part R11 RT0805FRE075K36L in C:\Users\PioBudny\Desktop\Studia\In퓓nierka\Engineer-s-Thesis\Altium\TDR\TDR_Schematic_PB.SchDoc with RT0805FRE075K36L from TDR_int_lib.IntLib
Replace Part R50 Resistor in C:\Users\PioBudny\Desktop\Studia\In퓓nierka\Engineer-s-Thesis\Altium\TDR\TDR_Schematic_PB.SchDoc with Resistor from Simulation Generic Components.IntLib
Update Managed Component U1 From CMP-0327-00215-3[SN65EPT22DGKR] To CMP-0327-00215-3[SN65EPT22DGKR] in TDR_Schematic_PB.SchDoc
Update Managed Component U2 From CMP-09138-000240-1[LT3045EDD#PBF] To CMP-09138-000240-1[LT3045EDD#PBF] in TDR_Schematic_PB.SchDoc
Update Managed Component U3 From CMP-09138-000240-1[LT3045EDD#PBF] To CMP-09138-000240-1[LT3045EDD#PBF] in TDR_Schematic_PB.SchDoc
Replace Part U4 8T49N241-999NLGI in C:\Users\PioBudny\Desktop\Studia\In퓓nierka\Engineer-s-Thesis\Altium\TDR\TDR_Schematic_PB.SchDoc with 8T49N241-999NLGI from TDR_int_lib.IntLib
